INFO:root:OK.
INFO:root:Making route event layer...
INFO:root:OK.
INFO:root:Converting points to polyline output...
INFO:root:OK.
INFO:root:Finished. Output: Z:/rivers/GCS/test_folder_for_gui\temp_files\0p2ft_centerline_XS.shp
INFO:root:OK.
INFO:root:Making route event layer...
INFO:root:OK.
INFO:root:Converting points to polyline output...
INFO:root:OK.
INFO:root:Finished. Output: Z:/rivers/GCS/test_folder_for_gui\temp_files\0p2ft_centerline_XS.shp
INFO:root:OK.
INFO:root:Making route event layer...
INFO:root:OK.
INFO:root:Converting points to polyline output...
INFO:root:OK.
INFO:root:Finished. Output: Z:/rivers/GCS/test_folder_for_gui\temp_files\0p2ft_centerline_XS.shp
INFO:root:Classifying landforms...
INFO:numexpr.utils:NumExpr defaulting to 8 threads.
INFO:root:Finished.
INFO:root:OK.
INFO:root:Making route event layer...
INFO:root:OK.
INFO:root:Converting points to polyline output...
INFO:root:OK.
INFO:root:Finished. Output: Z:/rivers/GCS/test_folder_for_gui\temp_files\0p7ft_centerline_XS.shp
INFO:root:Classifying landforms...
INFO:root:Finished.
INFO:root:OK.
INFO:root:Making route event layer...
INFO:root:OK.
INFO:root:Converting points to polyline output...
INFO:root:OK.
INFO:root:Finished. Output: Z:/rivers/GCS/test_folder_for_gui\temp_files\2p6ft_centerline_XS.shp
INFO:root:Classifying landforms...
INFO:root:Finished.
