INFO:root:Filling sinks in DEM...
INFO:root:OK
INFO:root:Computing flow direction...
INFO:root:OK
INFO:root:Computing least cost path...
INFO:root:OK
INFO:root:Creating rough centerline...
INFO:root:OK
INFO:root:Deleting intermediate files...
INFO:root:OK
INFO:root:Removing spurs smaller than 10 units...
INFO:root:OK.
INFO:root:Smoothing centerline...
INFO:root:OK
INFO:root:Clipping centerline to channel and lidar_extent...
INFO:root:OK
INFO:root:Deleting intermediate files...
INFO:root:OK
INFO:root:Finished: Z:\rivers\GCS\test_folder_for_gui\thalweg_centerline.shp
INFO:root:Converting input line to route...
INFO:root:OK.
INFO:root:Creating route events table...
INFO:root:OK.
INFO:root:Making route event layer...
INFO:root:OK.
INFO:root:Converting points to polyline output...
INFO:root:OK.
INFO:root:Finished. Output: Z:/rivers/GCS/test_folder_for_gui\temp_files\thalweg_centerline_XS.shp
