INFO:file_functions:[WinError 3] The system cannot find the path specified: 'Z:/rivers/GCS/open_topo_t2/las_files\\las_files\\00_separated'
INFO:root:Created directories for output data
INFO:root:Declassifying copy of original point cloud...
INFO:root:OK
INFO:root:Separating original data by class type...
INFO:file_functions:b"WARNING: only 1 input files. ignoring '-cores 16' ...\r\n"
INFO:file_functions:b"WARNING: only 1 input files. ignoring '-cores 16' ...\r\n"
INFO:file_functions:b"WARNING: only 1 input files. ignoring '-cores 16' ...\r\n"
INFO:file_functions:b"WARNING: only 1 input files. ignoring '-cores 16' ...\r\n"
INFO:root:OK
INFO:root:Creating tiling...
INFO:root:Using tile size of 290
INFO:file_functions:b"WARNING: only 1 input files. ignoring '-cores 16' ...\r\ndone with 'Z:/rivers/GCS/open_topo_t2\\las_files\\gillis_points_1.las'. took 19.647 sec.\r\n"
INFO:root:OK
INFO:root:Checking if largest file has < 1.5M pts (to avoid licensing restrictions)...
INFO:root:Largest file has 695414 points, tiles small enough.
INFO:root:OK
INFO:root:Running ground classification on coarse setting...
INFO:root:OK
INFO:root:Running ground classification on fine setting...
